# JRE version: OpenJDK Runtime Environment (8.0_312-b07) (build 1.8.0_312-b07)
# Java VM: OpenJDK 64-Bit Server VM (25.312-b07 mixed mode linux-amd64 compressed oops)
Heap:
 PSYoungGen      total 51712K, used 36984K [0x00000000f0700000, 0x00000000f4380000, 0x0000000100000000)
  eden space 45568K, 68% used [0x00000000f0700000,0x00000000f2573b48,0x00000000f3380000)
  from space 6144K, 94% used [0x00000000f3d80000,0x00000000f432a4c0,0x00000000f4380000)
  to   space 7680K, 0% used [0x00000000f3480000,0x00000000f3480000,0x00000000f3c00000)
 ParOldGen       total 25600K, used 7677K [0x00000000d1400000, 0x00000000d2d00000, 0x00000000f0700000)
  object space 25600K, 29% used [0x00000000d1400000,0x00000000d1b7f4c0,0x00000000d2d00000)
 Metaspace       used 29448K, capacity 30960K, committed 31104K, reserved 1077248K
  class space    used 3546K, capacity 3878K, committed 3968K, reserved 1048576K
GC Heap History (10 events):
Event: 11.051 GC heap before
{Heap before GC invocations=5 (full 0):
 PSYoungGen      total 14336K, used 14320K [0x00000000f0700000, 0x00000000f2180000, 0x0000000100000000)
  eden space 12288K, 100% used [0x00000000f0700000,0x00000000f1300000,0x00000000f1300000)
  from space 2048K, 99% used [0x00000000f1f80000,0x00000000f217c010,0x00000000f2180000)
  to   space 2048K, 0% used [0x00000000f1300000,0x00000000f1300000,0x00000000f1500000)
 ParOldGen       total 32768K, used 8633K [0x00000000d1400000, 0x00000000d3400000, 0x00000000f0700000)
  object space 32768K, 26% used [0x00000000d1400000,0x00000000d1c6e650,0x00000000d3400000)
 Metaspace       used 17555K, capacity 18224K, committed 18432K, reserved 1064960K
  class space    used 2089K, capacity 2258K, committed 2304K, reserved 1048576K
Event: 11.060 GC heap after
Heap after GC invocations=5 (full 0):
 PSYoungGen      total 14336K, used 2032K [0x00000000f0700000, 0x00000000f2a00000, 0x0000000100000000)
  eden space 12288K, 0% used [0x00000000f0700000,0x00000000f0700000,0x00000000f1300000)
  from space 2048K, 99% used [0x00000000f1300000,0x00000000f14fc010,0x00000000f1500000)
  to   space 5632K, 0% used [0x00000000f2480000,0x00000000f2480000,0x00000000f2a00000)
 ParOldGen       total 32768K, used 12117K [0x00000000d1400000, 0x00000000d3400000, 0x00000000f0700000)
  object space 32768K, 36% used [0x00000000d1400000,0x00000000d1fd56f8,0x00000000d3400000)
 Metaspace       used 17555K, capacity 18224K, committed 18432K, reserved 1064960K
  class space    used 2089K, capacity 2258K, committed 2304K, reserved 1048576K
}
Event: 11.148 GC heap before
{Heap before GC invocations=6 (full 0):
 PSYoungGen      total 14336K, used 14320K [0x00000000f0700000, 0x00000000f2a00000, 0x0000000100000000)
  eden space 12288K, 100% used [0x00000000f0700000,0x00000000f1300000,0x00000000f1300000)
  from space 2048K, 99% used [0x00000000f1300000,0x00000000f14fc010,0x00000000f1500000)
  to   space 5632K, 0% used [0x00000000f2480000,0x00000000f2480000,0x00000000f2a00000)
 ParOldGen       total 32768K, used 12117K [0x00000000d1400000, 0x00000000d3400000, 0x00000000f0700000)
  object space 32768K, 36% used [0x00000000d1400000,0x00000000d1fd56f8,0x00000000d3400000)
 Metaspace       used 17585K, capacity 18294K, committed 18432K, reserved 1064960K
  class space    used 2092K, capacity 2259K, committed 2304K, reserved 1048576K
Event: 11.154 GC heap after
Heap after GC invocations=6 (full 0):
 PSYoungGen      total 29696K, used 2224K [0x00000000f0700000, 0x00000000f2b00000, 0x0000000100000000)
  eden space 24064K, 0% used [0x00000000f0700000,0x00000000f0700000,0x00000000f1e80000)
  from space 5632K, 39% used [0x00000000f2480000,0x00000000f26ac010,0x00000000f2a00000)
  to   space 6144K, 0% used [0x00000000f1e80000,0x00000000f1e80000,0x00000000f2480000)
 ParOldGen       total 32768K, used 12125K [0x00000000d1400000, 0x00000000d3400000, 0x00000000f0700000)
  object space 32768K, 37% used [0x00000000d1400000,0x00000000d1fd76f8,0x00000000d3400000)
 Metaspace       used 17585K, capacity 18294K, committed 18432K, reserved 1064960K
  class space    used 2092K, capacity 2259K, committed 2304K, reserved 1048576K
}
Event: 11.807 GC heap before
{Heap before GC invocations=7 (full 0):
 PSYoungGen      total 29696K, used 21658K [0x00000000f0700000, 0x00000000f2b00000, 0x0000000100000000)
  eden space 24064K, 80% used [0x00000000f0700000,0x00000000f19fabd8,0x00000000f1e80000)
  from space 5632K, 39% used [0x00000000f2480000,0x00000000f26ac010,0x00000000f2a00000)
  to   space 6144K, 0% used [0x00000000f1e80000,0x00000000f1e80000,0x00000000f2480000)
 ParOldGen       total 32768K, used 12125K [0x00000000d1400000, 0x00000000d3400000, 0x00000000f0700000)
  object space 32768K, 37% used [0x00000000d1400000,0x00000000d1fd76f8,0x00000000d3400000)
 Metaspace       used 20240K, capacity 21096K, committed 21296K, reserved 1069056K
  class space    used 2422K, capacity 2593K, committed 2688K, reserved 1048576K
Event: 11.814 GC heap after
Heap after GC invocations=7 (full 0):
 PSYoungGen      total 30208K, used 6136K [0x00000000f0700000, 0x00000000f4500000, 0x0000000100000000)
  eden space 24064K, 0% used [0x00000000f0700000,0x00000000f0700000,0x00000000f1e80000)
  from space 6144K, 99% used [0x00000000f1e80000,0x00000000f247e398,0x00000000f2480000)
  to   space 7680K, 0% used [0x00000000f3d80000,0x00000000f3d80000,0x00000000f4500000)
 ParOldGen       total 32768K, used 13097K [0x00000000d1400000, 0x00000000d3400000, 0x00000000f0700000)
  object space 32768K, 39% used [0x00000000d1400000,0x00000000d20ca4e8,0x00000000d3400000)
 Metaspace       used 20240K, capacity 21096K, committed 21296K, reserved 1069056K
  class space    used 2422K, capacity 2593K, committed 2688K, reserved 1048576K
}
Event: 11.814 GC heap before
{Heap before GC invocations=8 (full 1):
 PSYoungGen      total 30208K, used 6136K [0x00000000f0700000, 0x00000000f4500000, 0x0000000100000000)
  eden space 24064K, 0% used [0x00000000f0700000,0x00000000f0700000,0x00000000f1e80000)
  from space 6144K, 99% used [0x00000000f1e80000,0x00000000f247e398,0x00000000f2480000)
  to   space 7680K, 0% used [0x00000000f3d80000,0x00000000f3d80000,0x00000000f4500000)
 ParOldGen       total 32768K, used 13097K [0x00000000d1400000, 0x00000000d3400000, 0x00000000f0700000)
  object space 32768K, 39% used [0x00000000d1400000,0x00000000d20ca4e8,0x00000000d3400000)
 Metaspace       used 20240K, capacity 21096K, committed 21296K, reserved 1069056K
  class space    used 2422K, capacity 2593K, committed 2688K, reserved 1048576K
Event: 11.845 GC heap after
Heap after GC invocations=8 (full 1):
 PSYoungGen      total 30208K, used 0K [0x00000000f0700000, 0x00000000f4500000, 0x0000000100000000)
  eden space 24064K, 0% used [0x00000000f0700000,0x00000000f0700000,0x00000000f1e80000)
  from space 6144K, 0% used [0x00000000f1e80000,0x00000000f1e80000,0x00000000f2480000)
  to   space 7680K, 0% used [0x00000000f3d80000,0x00000000f3d80000,0x00000000f4500000)
 ParOldGen       total 25600K, used 7669K [0x00000000d1400000, 0x00000000d2d00000, 0x00000000f0700000)
  object space 25600K, 29% used [0x00000000d1400000,0x00000000d1b7d4c0,0x00000000d2d00000)
 Metaspace       used 20233K, capacity 21080K, committed 21296K, reserved 1069056K
  class space    used 2420K, capacity 2589K, committed 2688K, reserved 1048576K
}
Event: 12.673 GC heap before
{Heap before GC invocations=9 (full 1):
 PSYoungGen      total 30208K, used 24064K [0x00000000f0700000, 0x00000000f4500000, 0x0000000100000000)
  eden space 24064K, 100% used [0x00000000f0700000,0x00000000f1e80000,0x00000000f1e80000)
  from space 6144K, 0% used [0x00000000f1e80000,0x00000000f1e80000,0x00000000f2480000)
  to   space 7680K, 0% used [0x00000000f3d80000,0x00000000f3d80000,0x00000000f4500000)
 ParOldGen       total 25600K, used 7669K [0x00000000d1400000, 0x00000000d2d00000, 0x00000000f0700000)
  object space 25600K, 29% used [0x00000000d1400000,0x00000000d1b7d4c0,0x00000000d2d00000)
 Metaspace       used 23915K, capacity 24910K, committed 25088K, reserved 1071104K
  class space    used 2836K, capacity 3065K, committed 3072K, reserved 1048576K
Event: 12.679 GC heap after
Heap after GC invocations=9 (full 1):
 PSYoungGen      total 51712K, used 5801K [0x00000000f0700000, 0x00000000f4380000, 0x0000000100000000)
  eden space 45568K, 0% used [0x00000000f0700000,0x00000000f0700000,0x00000000f3380000)
  from space 6144K, 94% used [0x00000000f3d80000,0x00000000f432a4c0,0x00000000f4380000)
  to   space 7680K, 0% used [0x00000000f3480000,0x00000000f3480000,0x00000000f3c00000)
 ParOldGen       total 25600K, used 7677K [0x00000000d1400000, 0x00000000d2d00000, 0x00000000f0700000)
  object space 25600K, 29% used [0x00000000d1400000,0x00000000d1b7f4c0,0x00000000d2d00000)
 Metaspace       used 23915K, capacity 24910K, committed 25088K, reserved 1071104K
  class space    used 2836K, capacity 3065K, committed 3072K, reserved 1048576K
}

